# JRE version: Java(TM) SE Runtime Environment (8.0_202-b08) (build 1.8.0_202-b08)
# Java VM: Java HotSpot(TM) 64-Bit Server VM (25.202-b08 mixed mode windows-amd64 compressed oops)
Heap:
 PSYoungGen      total 868352K, used 64060K [0x0000000776f80000, 0x00000007b4500000, 0x00000007c0000000)
  eden space 807936K, 5% used [0x0000000776f80000,0x0000000779b33148,0x00000007a8480000)
  from space 60416K, 31% used [0x00000007a8480000,0x00000007a975bf08,0x00000007abf80000)
  to   space 57344K, 0% used [0x00000007b0d00000,0x00000007b0d00000,0x00000007b4500000)
 ParOldGen       total 366592K, used 113602K [0x00000006e4e00000, 0x00000006fb400000, 0x0000000776f80000)
  object space 366592K, 30% used [0x00000006e4e00000,0x00000006ebcf0bd0,0x00000006fb400000)
 Metaspace       used 103347K, capacity 108237K, committed 108376K, reserved 1144832K
  class space    used 12464K, capacity 13398K, committed 13440K, reserved 1048576K
GC Heap History (10 events):
Event: 17.561 GC heap before
{Heap before GC invocations=21 (full 3):
 PSYoungGen      total 704512K, used 697764K [0x0000000776f80000, 0x00000007a8b80000, 0x00000007c0000000)
  eden space 676864K, 100% used [0x0000000776f80000,0x00000007a0480000,0x00000007a0480000)
  from space 27648K, 75% used [0x00000007a0480000,0x00000007a18e9340,0x00000007a1f80000)
  to   space 29184K, 0% used [0x00000007a6f00000,0x00000007a6f00000,0x00000007a8b80000)
 ParOldGen       total 220160K, used 50743K [0x00000006e4e00000, 0x00000006f2500000, 0x0000000776f80000)
  object space 220160K, 23% used [0x00000006e4e00000,0x00000006e7f8dc68,0x00000006f2500000)
 Metaspace       used 81873K, capacity 85123K, committed 85464K, reserved 1124352K
  class space    used 10019K, capacity 10639K, committed 10752K, reserved 1048576K
Event: 17.585 GC heap after
Heap after GC invocations=21 (full 3):
 PSYoungGen      total 770048K, used 29152K [0x0000000776f80000, 0x00000007aa480000, 0x00000007c0000000)
  eden space 740864K, 0% used [0x0000000776f80000,0x0000000776f80000,0x00000007a4300000)
  from space 29184K, 99% used [0x00000007a6f00000,0x00000007a8b780b0,0x00000007a8b80000)
  to   space 45056K, 0% used [0x00000007a4300000,0x00000007a4300000,0x00000007a6f00000)
 ParOldGen       total 220160K, used 82443K [0x00000006e4e00000, 0x00000006f2500000, 0x0000000776f80000)
  object space 220160K, 37% used [0x00000006e4e00000,0x00000006e9e82cb8,0x00000006f2500000)
 Metaspace       used 81873K, capacity 85123K, committed 85464K, reserved 1124352K
  class space    used 10019K, capacity 10639K, committed 10752K, reserved 1048576K
}
Event: 21.349 GC heap before
{Heap before GC invocations=22 (full 3):
 PSYoungGen      total 770048K, used 770016K [0x0000000776f80000, 0x00000007aa480000, 0x00000007c0000000)
  eden space 740864K, 100% used [0x0000000776f80000,0x00000007a4300000,0x00000007a4300000)
  from space 29184K, 99% used [0x00000007a6f00000,0x00000007a8b780b0,0x00000007a8b80000)
  to   space 45056K, 0% used [0x00000007a4300000,0x00000007a4300000,0x00000007a6f00000)
 ParOldGen       total 220160K, used 82443K [0x00000006e4e00000, 0x00000006f2500000, 0x0000000776f80000)
  object space 220160K, 37% used [0x00000006e4e00000,0x00000006e9e82cb8,0x00000006f2500000)
 Metaspace       used 88225K, capacity 91857K, committed 92120K, reserved 1130496K
  class space    used 10677K, capacity 11395K, committed 11520K, reserved 1048576K
Event: 21.370 GC heap after
Heap after GC invocations=22 (full 3):
 PSYoungGen      total 785920K, used 42753K [0x0000000776f80000, 0x00000007af200000, 0x00000007c0000000)
  eden space 740864K, 0% used [0x0000000776f80000,0x0000000776f80000,0x00000007a4300000)
  from space 45056K, 94% used [0x00000007a4300000,0x00000007a6cc0798,0x00000007a6f00000)
  to   space 51712K, 0% used [0x00000007abf80000,0x00000007abf80000,0x00000007af200000)
 ParOldGen       total 220160K, used 92929K [0x00000006e4e00000, 0x00000006f2500000, 0x0000000776f80000)
  object space 220160K, 42% used [0x00000006e4e00000,0x00000006ea8c0728,0x00000006f2500000)
 Metaspace       used 88225K, capacity 91857K, committed 92120K, reserved 1130496K
  class space    used 10677K, capacity 11395K, committed 11520K, reserved 1048576K
}
Event: 22.985 GC heap before
{Heap before GC invocations=23 (full 3):
 PSYoungGen      total 785920K, used 494306K [0x0000000776f80000, 0x00000007af200000, 0x00000007c0000000)
  eden space 740864K, 60% used [0x0000000776f80000,0x0000000792878330,0x00000007a4300000)
  from space 45056K, 94% used [0x00000007a4300000,0x00000007a6cc0798,0x00000007a6f00000)
  to   space 51712K, 0% used [0x00000007abf80000,0x00000007abf80000,0x00000007af200000)
 ParOldGen       total 220160K, used 92929K [0x00000006e4e00000, 0x00000006f2500000, 0x0000000776f80000)
  object space 220160K, 42% used [0x00000006e4e00000,0x00000006ea8c0728,0x00000006f2500000)
 Metaspace       used 94200K, capacity 98153K, committed 98264K, reserved 1134592K
  class space    used 11455K, capacity 12191K, committed 12288K, reserved 1048576K
Event: 23.006 GC heap after
Heap after GC invocations=23 (full 3):
 PSYoungGen      total 859648K, used 51699K [0x0000000776f80000, 0x00000007b0b00000, 0x00000007c0000000)
  eden space 807936K, 0% used [0x0000000776f80000,0x0000000776f80000,0x00000007a8480000)
  from space 51712K, 99% used [0x00000007abf80000,0x00000007af1fceb0,0x00000007af200000)
  to   space 60416K, 0% used [0x00000007a8480000,0x00000007a8480000,0x00000007abf80000)
 ParOldGen       total 220160K, used 93591K [0x00000006e4e00000, 0x00000006f2500000, 0x0000000776f80000)
  object space 220160K, 42% used [0x00000006e4e00000,0x00000006ea965e20,0x00000006f2500000)
 Metaspace       used 94200K, capacity 98153K, committed 98264K, reserved 1134592K
  class space    used 11455K, capacity 12191K, committed 12288K, reserved 1048576K
}
Event: 23.006 GC heap before
{Heap before GC invocations=24 (full 4):
 PSYoungGen      total 859648K, used 51699K [0x0000000776f80000, 0x00000007b0b00000, 0x00000007c0000000)
  eden space 807936K, 0% used [0x0000000776f80000,0x0000000776f80000,0x00000007a8480000)
  from space 51712K, 99% used [0x00000007abf80000,0x00000007af1fceb0,0x00000007af200000)
  to   space 60416K, 0% used [0x00000007a8480000,0x00000007a8480000,0x00000007abf80000)
 ParOldGen       total 220160K, used 93591K [0x00000006e4e00000, 0x00000006f2500000, 0x0000000776f80000)
  object space 220160K, 42% used [0x00000006e4e00000,0x00000006ea965e20,0x00000006f2500000)
 Metaspace       used 94200K, capacity 98153K, committed 98264K, reserved 1134592K
  class space    used 11455K, capacity 12191K, committed 12288K, reserved 1048576K
Event: 23.161 GC heap after
Heap after GC invocations=24 (full 4):
 PSYoungGen      total 859648K, used 0K [0x0000000776f80000, 0x00000007b0b00000, 0x00000007c0000000)
  eden space 807936K, 0% used [0x0000000776f80000,0x0000000776f80000,0x00000007a8480000)
  from space 51712K, 0% used [0x00000007abf80000,0x00000007abf80000,0x00000007af200000)
  to   space 60416K, 0% used [0x00000007a8480000,0x00000007a8480000,0x00000007abf80000)
 ParOldGen       total 366592K, used 113586K [0x00000006e4e00000, 0x00000006fb400000, 0x0000000776f80000)
  object space 366592K, 30% used [0x00000006e4e00000,0x00000006ebcecbd0,0x00000006fb400000)
 Metaspace       used 94200K, capacity 98153K, committed 98264K, reserved 1134592K
  class space    used 11455K, capacity 12191K, committed 12288K, reserved 1048576K
}
Event: 187.622 GC heap before
{Heap before GC invocations=25 (full 4):
 PSYoungGen      total 859648K, used 807936K [0x0000000776f80000, 0x00000007b0b00000, 0x00000007c0000000)
  eden space 807936K, 100% used [0x0000000776f80000,0x00000007a8480000,0x00000007a8480000)
  from space 51712K, 0% used [0x00000007abf80000,0x00000007abf80000,0x00000007af200000)
  to   space 60416K, 0% used [0x00000007a8480000,0x00000007a8480000,0x00000007abf80000)
 ParOldGen       total 366592K, used 113586K [0x00000006e4e00000, 0x00000006fb400000, 0x0000000776f80000)
  object space 366592K, 30% used [0x00000006e4e00000,0x00000006ebcecbd0,0x00000006fb400000)
 Metaspace       used 103138K, capacity 108079K, committed 108376K, reserved 1144832K
  class space    used 12457K, capacity 13393K, committed 13440K, reserved 1048576K
Event: 187.638 GC heap after
Heap after GC invocations=25 (full 4):
 PSYoungGen      total 868352K, used 19311K [0x0000000776f80000, 0x00000007b4500000, 0x00000007c0000000)
  eden space 807936K, 0% used [0x0000000776f80000,0x0000000776f80000,0x00000007a8480000)
  from space 60416K, 31% used [0x00000007a8480000,0x00000007a975bf08,0x00000007abf80000)
  to   space 57344K, 0% used [0x00000007b0d00000,0x00000007b0d00000,0x00000007b4500000)
 ParOldGen       total 366592K, used 113602K [0x00000006e4e00000, 0x00000006fb400000, 0x0000000776f80000)
  object space 366592K, 30% used [0x00000006e4e00000,0x00000006ebcf0bd0,0x00000006fb400000)
 Metaspace       used 103138K, capacity 108079K, committed 108376K, reserved 1144832K
  class space    used 12457K, capacity 13393K, committed 13440K, reserved 1048576K
}

